<?xml version="1.0" encoding="utf-8"?><testsuites name="pytest tests"><testsuite name="pytest" errors="0" failures="0" skipped="0" tests="431" time="208.403" timestamp="2026-09-24T21:19:17.529389+02:00" hostname="192.168.1.23"><testcase classname="tests.test_conllu_reader" name="test_malformed_row_raises_parse_error_with_location" time="0.002" /><testcase classname="tests.test_conllu_reader" name="test_missing_sent_id_raises_parse_error" time="0.001" /><testcase classname="tests.test_conllu_reader" name="test_id_order_preserved" time="0.001" /><testcase classname="tests.test_conllu_reader" name="test_out_of_order_integer_ids_raise_parse_error" time="0.001" /><testcase classname="tests.test_conllu_reader" name="test_mwt_range_and_empty_nodes_removed" time="0.001" /><testcase classname="tests.test_conllu_reader" name="test_punct_token_yielded_unchanged" time="0.001" /><testcase classname="tests.test_conllu_reader" name="test_newdoc_id_recoverable_from_metadata" time="0.001" /><testcase classname="tests.test_conllu_reader" name="test_public_type_and_streaming_failure_boundary" time="0.001" /><testcase classname="tests.test_conllu_reader" name="test_invalid_required_labels_raise_parse_error[invalid_upos]" time="0.001" /><testcase classname="tests.test_conllu_reader" name="test_invalid_required_labels_raise_parse_error[empty_deprel]" time="0.001" /><testcase classname="tests.test_conllu_reader" name="test_conllu_parse_exception_is_wrapped" time="0.001" /><testcase classname="tests.test_conllu_reader" name="test_representation_exclusions_are_yielded_unchanged" time="0.001" /><testcase classname="tests.test_gate_inventory_anchor" name="test_repository_gate_rejects_a_missing_or_unmarked_inventory[missing]" time="0.108" /><testcase classname="tests.test_gate_inventory_anchor" name="test_repository_gate_rejects_a_missing_or_unmarked_inventory[unmarked]" time="0.106" /><testcase classname="tests.test_v31_completion" name="test_scientific_identity_verifies_the_present_lock" time="0.085" /><testcase classname="tests.test_v31_completion" name="test_model_keys_reject_noninteger_seed_without_coercion[False]" time="0.000" /><testcase classname="tests.test_v31_completion" name="test_model_keys_reject_noninteger_seed_without_coercion[0.0]" time="0.000" /><testcase classname="tests.test_v31_completion" name="test_zero_target_documents_keep_both_bands_and_null_reasons" time="1.673" /><testcase classname="tests.test_v31_completion" name="test_per_model_resources_are_measured_and_kept_out_of_deterministic_artifacts" time="0.463" /><testcase classname="tests.test_v31_completion" name="test_resume_rejects_invalid_artifact_families_and_model_arms[missing_C0_positions]" time="0.408" /><testcase classname="tests.test_v31_completion" name="test_resume_rejects_invalid_artifact_families_and_model_arms[sensitivity_positions]" time="0.408" /><testcase classname="tests.test_v31_completion" name="test_resume_rejects_invalid_artifact_families_and_model_arms[unknown_artifact]" time="0.410" /><testcase classname="tests.test_v31_completion" name="test_resume_rejects_invalid_artifact_families_and_model_arms[missing_arm]" time="0.407" /><testcase classname="tests.test_v31_completion" name="test_resume_rejects_semantically_corrupt_sums_even_after_rehashing" time="0.242" /><testcase classname="tests.test_v31_completion" name="test_resource_records_are_complete_valid_and_bound_to_model_keys[missing]" time="0.399" /><testcase classname="tests.test_v31_completion" name="test_resource_records_are_complete_valid_and_bound_to_model_keys[duplicate]" time="0.393" /><testcase classname="tests.test_v31_completion" name="test_resource_records_are_complete_valid_and_bound_to_model_keys[negative]" time="0.391" /><testcase classname="tests.test_v31_completion" name="test_resource_records_are_complete_valid_and_bound_to_model_keys[unit]" time="0.391" /><testcase classname="tests.test_v31_completion" name="test_diagnostics_carry_the_report_contract_names" time="1.425" /><testcase classname="tests.test_v31_completion" name="test_report_summarizes_every_level_and_pairs_sensitivities_per_block_and_seed" time="2.535" /><testcase classname="tests.test_v31_completion" name="test_empty_document_summaries_stay_null_with_their_reason" time="1.472" /><testcase classname="tests.test_v31_completion" name="test_seed_zero_regeneration_is_compared_and_recorded_by_the_report" time="2.684" /><testcase classname="tests.test_v31_completion" name="test_a_scientific_report_requires_the_seed_zero_regeneration" time="0.023" /><testcase classname="tests.test_v31_config" name="test_deposit_and_application_projection_match" time="0.031" /><testcase classname="tests.test_v31_config" name="test_schema_refuses_wrong_numeric_types_and_values[True]" time="0.031" /><testcase classname="tests.test_v31_config" name="test_schema_refuses_wrong_numeric_types_and_values[8.0]" time="0.030" /><testcase classname="tests.test_v31_config" name="test_schema_refuses_wrong_numeric_types_and_values[-1]" time="0.030" /><testcase classname="tests.test_v31_config" name="test_schema_refuses_wrong_numeric_types_and_values[nan]" time="0.030" /><testcase classname="tests.test_v31_config" name="test_schema_refuses_wrong_numeric_types_and_values[inf]" time="0.031" /><testcase classname="tests.test_v31_config" name="test_schema_refuses_wrong_numeric_types_and_values[8]" time="0.030" /><testcase classname="tests.test_v31_config" name="test_application_contract_rejects_drift[extra]" time="0.030" /><testcase classname="tests.test_v31_config" name="test_application_contract_rejects_drift[missing]" time="0.030" /><testcase classname="tests.test_v31_config" name="test_application_contract_rejects_drift[seed]" time="0.031" /><testcase classname="tests.test_v31_config" name="test_application_contract_rejects_drift[cell]" time="0.030" /><testcase classname="tests.test_v31_config" name="test_application_contract_rejects_drift[block]" time="0.030" /><testcase classname="tests.test_v31_config" name="test_application_contract_rejects_drift[retired]" time="0.030" /><testcase classname="tests.test_v31_config" name="test_yaml_rejects_duplicate_keys_and_registry_drift" time="0.024" /><testcase classname="tests.test_v31_config" name="test_deposit_refuses_altered_missing_extra_contracts[altered]" time="0.011" /><testcase classname="tests.test_v31_config" name="test_deposit_refuses_altered_missing_extra_contracts[missing]" time="0.010" /><testcase classname="tests.test_v31_config" name="test_deposit_refuses_altered_missing_extra_contracts[extra]" time="0.011" /><testcase classname="tests.test_v31_config" name="test_the_alphabet_reads_the_active_projection_only" time="0.000" /><testcase classname="tests.test_v31_config" name="test_duplicate_yaml_keys_are_rejected_at_every_depth[top-level]" time="0.001" /><testcase classname="tests.test_v31_config" name="test_duplicate_yaml_keys_are_rejected_at_every_depth[nested]" time="0.001" /><testcase classname="tests.test_v31_config" name="test_a_yaml_error_names_the_original_file_and_keeps_its_snippet" time="0.001" /><testcase classname="tests.test_v31_context_tree" name="test_independent_enumeration_matches_evidence_and_prediction[2-2-0.5]" time="0.002" /><testcase classname="tests.test_v31_context_tree" name="test_independent_enumeration_matches_evidence_and_prediction[2-3-0.25]" time="0.002" /><testcase classname="tests.test_v31_context_tree" name="test_independent_enumeration_matches_evidence_and_prediction[3-2-0.5]" time="0.001" /><testcase classname="tests.test_v31_context_tree" name="test_counts_partition_over_children_with_terminal_bos" time="0.001" /><testcase classname="tests.test_v31_context_tree" name="test_support_histogram_counts_observations_including_bos[1-1]" time="0.000" /><testcase classname="tests.test_v31_context_tree" name="test_support_histogram_counts_observations_including_bos[2-2to4]" time="0.000" /><testcase classname="tests.test_v31_context_tree" name="test_support_histogram_counts_observations_including_bos[4-2to4]" time="0.000" /><testcase classname="tests.test_v31_context_tree" name="test_support_histogram_counts_observations_including_bos[5-5to9]" time="0.000" /><testcase classname="tests.test_v31_context_tree" name="test_support_histogram_counts_observations_including_bos[9-5to9]" time="0.000" /><testcase classname="tests.test_v31_context_tree" name="test_support_histogram_counts_observations_including_bos[10-10plus]" time="0.000" /><testcase classname="tests.test_v31_context_tree" name="test_normalization_rare_and_unseen_support_across_alphabets[100]" time="0.010" /><testcase classname="tests.test_v31_context_tree" name="test_normalization_rare_and_unseen_support_across_alphabets[105]" time="0.010" /><testcase classname="tests.test_v31_context_tree" name="test_normalization_rare_and_unseen_support_across_alphabets[11]" time="0.006" /><testcase classname="tests.test_v31_context_tree" name="test_empty_training_is_a_valid_core_case[streams0]" time="0.001" /><testcase classname="tests.test_v31_context_tree" name="test_empty_training_is_a_valid_core_case[streams1]" time="0.001" /><testcase classname="tests.test_v31_context_tree" name="test_empty_training_is_a_valid_core_case[streams2]" time="0.001" /><testcase classname="tests.test_v31_context_tree" name="test_zero_depth_is_a_forced_root_leaf" time="0.000" /><testcase classname="tests.test_v31_context_tree" name="test_core_rejects_invalid_parameters_and_symbols[&lt;lambda&gt;-alphabet size0]" time="0.000" /><testcase classname="tests.test_v31_context_tree" name="test_core_rejects_invalid_parameters_and_symbols[&lt;lambda&gt;-alphabet size1]" time="0.000" /><testcase classname="tests.test_v31_context_tree" name="test_core_rejects_invalid_parameters_and_symbols[&lt;lambda&gt;-alphabet size2]" time="0.000" /><testcase classname="tests.test_v31_context_tree" name="test_core_rejects_invalid_parameters_and_symbols[&lt;lambda&gt;-depth=0]" time="0.000" /><testcase classname="tests.test_v31_context_tree" name="test_core_rejects_invalid_parameters_and_symbols[&lt;lambda&gt;-depth=1]" time="0.000" /><testcase classname="tests.test_v31_context_tree" name="test_core_rejects_invalid_parameters_and_symbols[&lt;lambda&gt;-Dirichlet0]" time="0.000" /><testcase classname="tests.test_v31_context_tree" name="test_core_rejects_invalid_parameters_and_symbols[&lt;lambda&gt;-Dirichlet1]" time="0.000" /><testcase classname="tests.test_v31_context_tree" name="test_core_rejects_invalid_parameters_and_symbols[&lt;lambda&gt;-Dirichlet2]" time="0.000" /><testcase classname="tests.test_v31_context_tree" name="test_core_rejects_invalid_parameters_and_symbols[&lt;lambda&gt;-Dirichlet3]" time="0.000" /><testcase classname="tests.test_v31_context_tree" name="test_core_rejects_invalid_parameters_and_symbols[&lt;lambda&gt;-stop prior0]" time="0.000" /><testcase classname="tests.test_v31_context_tree" name="test_core_rejects_invalid_parameters_and_symbols[&lt;lambda&gt;-stop prior1]" time="0.000" /><testcase classname="tests.test_v31_context_tree" name="test_core_rejects_invalid_parameters_and_symbols[&lt;lambda&gt;-stop prior2]" time="0.000" /><testcase classname="tests.test_v31_context_tree" name="test_core_rejects_invalid_parameters_and_symbols[&lt;lambda&gt;-split log-prior0]" time="0.000" /><testcase classname="tests.test_v31_context_tree" name="test_core_rejects_invalid_parameters_and_symbols[&lt;lambda&gt;-split log-prior1]" time="0.000" /><testcase classname="tests.test_v31_context_tree" name="test_core_rejects_invalid_parameters_and_symbols[&lt;lambda&gt;-stream 0 position 1_0]" time="0.000" /><testcase classname="tests.test_v31_context_tree" name="test_core_rejects_invalid_parameters_and_symbols[&lt;lambda&gt;-stream 1 position 1]" time="0.000" /><testcase classname="tests.test_v31_context_tree" name="test_core_rejects_invalid_parameters_and_symbols[&lt;lambda&gt;-stream 0 position 1_1]" time="0.000" /><testcase classname="tests.test_v31_context_tree" name="test_core_rejects_invalid_parameters_and_symbols[&lt;lambda&gt;-stream 0 position 1_2]" time="0.000" /><testcase classname="tests.test_v31_context_tree" name="test_core_rejects_invalid_parameters_and_symbols[&lt;lambda&gt;-history (within the last 2 symbols) position 1]" time="0.000" /><testcase classname="tests.test_v31_context_tree" name="test_core_rejects_invalid_parameters_and_symbols[&lt;lambda&gt;-history (within the last 2 symbols) position 3]" time="0.000" /><testcase classname="tests.test_v31_context_tree" name="test_core_rejects_invalid_parameters_and_symbols[&lt;lambda&gt;-min_available_past]" time="0.000" /><testcase classname="tests.test_v31_context_tree" name="test_core_rejects_invalid_parameters_and_symbols[&lt;lambda&gt;-fit]" time="0.000" /><testcase classname="tests.test_v31_context_tree" name="test_core_rejects_invalid_parameters_and_symbols[&lt;lambda&gt;-frozen]" time="0.000" /><testcase classname="tests.test_v31_context_tree" name="test_prequential_identity_uses_pre_update_counts[0]" time="0.031" /><testcase classname="tests.test_v31_context_tree" name="test_prequential_identity_uses_pre_update_counts[2]" time="0.001" /><testcase classname="tests.test_v31_context_tree" name="test_prequential_identity_uses_pre_update_counts[4]" time="0.001" /><testcase classname="tests.test_v31_context_tree" name="test_stream_order_does_not_change_the_frozen_model" time="0.001" /><testcase classname="tests.test_v31_context_tree" name="test_evaluation_never_mutates_the_frozen_model" time="0.003" /><testcase classname="tests.test_v31_context_tree" name="test_extreme_log_prior_keeps_both_weights" time="0.001" /><testcase classname="tests.test_v31_context_tree" name="test_stop_saturation_keeps_a_finite_split_weight" time="0.008" /><testcase classname="tests.test_v31_context_tree" name="test_saturation_is_distinct_from_a_forced_leaf" time="0.001" /><testcase classname="tests.test_v31_context_tree" name="test_generator_fixture_matches_the_historical_script" time="0.004" /><testcase classname="tests.test_v31_context_tree" name="test_analytic_pass_pins_the_corrected_iid_threshold" time="0.000" /><testcase classname="tests.test_v31_context_tree" name="test_small_synthetic_battery_meets_plan_thresholds" time="18.977" /><testcase classname="tests.test_v31_context_tree" name="test_validation_stage_exits_non_zero_when_a_threshold_fails" time="0.034" /><testcase classname="tests.test_v31_context_tree" name="test_battery_gate_rejects_incomplete_or_invalid_recorded_results[missing]" time="0.001" /><testcase classname="tests.test_v31_context_tree" name="test_battery_gate_rejects_incomplete_or_invalid_recorded_results[duplicate]" time="0.001" /><testcase classname="tests.test_v31_context_tree" name="test_battery_gate_rejects_incomplete_or_invalid_recorded_results[extra]" time="0.001" /><testcase classname="tests.test_v31_context_tree" name="test_battery_gate_rejects_incomplete_or_invalid_recorded_results[nan]" time="0.286" /><testcase classname="tests.test_v31_context_tree" name="test_battery_gate_rejects_incomplete_or_invalid_recorded_results[normalization]" time="0.297" /><testcase classname="tests.test_v31_context_tree" name="test_battery_gate_rejects_incomplete_or_invalid_recorded_results[count]" time="0.288" /><testcase classname="tests.test_v31_context_tree" name="test_battery_gate_rejects_incomplete_or_invalid_recorded_results[support]" time="0.286" /><testcase classname="tests.test_v31_context_tree" name="test_battery_gate_rejects_incomplete_or_invalid_recorded_results[deficit]" time="0.295" /><testcase classname="tests.test_v31_context_tree" name="test_battery_gate_rejects_incomplete_or_invalid_recorded_results[false_flag]" time="0.002" /><testcase classname="tests.test_v31_context_tree" name="test_battery_gate_rejects_incomplete_or_invalid_recorded_results[oracle_drift]" time="0.002" /><testcase classname="tests.test_v31_context_tree" name="test_validation_cli_rejects_configuration_drift_before_running" time="0.055" /><testcase classname="tests.test_v31_context_tree" name="test_validation_output_refuses_raw_including_symlinks[False]" time="0.030" /><testcase classname="tests.test_v31_context_tree" name="test_validation_output_refuses_raw_including_symlinks[True]" time="0.030" /><testcase classname="tests.test_v31_context_tree" name="test_validation_publication_refuses_a_racing_writer" time="0.031" /><testcase classname="tests.test_v31_context_tree" name="test_validation_forced_publication_is_atomic_on_write_failure" time="0.031" /><testcase classname="tests.test_v31_context_tree" name="test_historical_m106_stress_records_execution_and_oracle_gap" time="0.000" /><testcase classname="tests.test_v31_corpus" name="test_numeric_order_raw_coordinates_empty_reset_and_targets" time="0.071" /><testcase classname="tests.test_v31_corpus" name="test_athenaeus_parts_order_before_ordinal" time="0.034" /><testcase classname="tests.test_v31_corpus" name="test_ambiguous_identities_fail_with_source[duplicate]" time="0.029" /><testcase classname="tests.test_v31_corpus" name="test_ambiguous_identities_fail_with_source[ordinal_collision]" time="0.030" /><testcase classname="tests.test_v31_corpus" name="test_ambiguous_identities_fail_with_source[invalid_ordinal]" time="0.029" /><testcase classname="tests.test_v31_corpus" name="test_ambiguous_identities_fail_with_source[unknown_prefix]" time="0.029" /><testcase classname="tests.test_v31_corpus" name="test_ambiguous_identities_fail_with_source[newdoc]" time="0.029" /><testcase classname="tests.test_v31_corpus" name="test_public_mapping_rejects_unknown_source_upos[ADV_PART]" time="0.029" /><testcase classname="tests.test_v31_corpus" name="test_public_mapping_rejects_unknown_source_upos[unknown]" time="0.029" /><testcase classname="tests.test_v31_corpus" name="test_public_mapping_rejects_unknown_source_upos[]" time="0.029" /><testcase classname="tests.test_v31_corpus" name="test_public_mapping_rejects_unknown_source_upos[None]" time="0.029" /><testcase classname="tests.test_v31_corpus" name="test_global_merge_subtypes_masks_and_frozen_ids" time="0.080" /><testcase classname="tests.test_v31_corpus" name="test_input_file_order_does_not_change_corpus" time="0.039" /><testcase classname="tests.test_v31_corpus" name="test_diagnostic_a_uses_allowed_upos_per_relation_and_raw_denominator" time="0.034" /><testcase classname="tests.test_v31_corpus" name="test_real_corpus_exact_expected_counts_keys_and_inventories" time="9.882" /><testcase classname="tests.test_v31_corpus" name="test_exact_validator_detects_equal_length_content_and_key_corruption" time="3.941" /><testcase classname="tests.test_v31_corpus" name="test_source_parser_rejects_malformed_rows_with_location[duplicate_metadata]" time="0.001" /><testcase classname="tests.test_v31_corpus" name="test_source_parser_rejects_malformed_rows_with_location[short]" time="0.001" /><testcase classname="tests.test_v31_corpus" name="test_source_parser_rejects_malformed_rows_with_location[long]" time="0.001" /><testcase classname="tests.test_v31_corpus" name="test_source_parser_rejects_malformed_rows_with_location[invalid_id]" time="0.001" /><testcase classname="tests.test_v31_corpus" name="test_source_parser_rejects_malformed_rows_with_location[zero_id]" time="0.001" /><testcase classname="tests.test_v31_corpus" name="test_source_parser_rejects_malformed_rows_with_location[missing_head]" time="0.001" /><testcase classname="tests.test_v31_corpus" name="test_source_parser_rejects_malformed_rows_with_location[empty_sent_id]" time="0.001" /><testcase classname="tests.test_v31_corpus" name="test_mwt_and_empty_nodes_do_not_change_source_word_ids" time="0.001" /><testcase classname="tests.test_v31_corpus" name="test_validator_rejects_semantic_corruption_at_unchanged_cardinality[extra_variant]" time="0.224" /><testcase classname="tests.test_v31_corpus" name="test_validator_rejects_semantic_corruption_at_unchanged_cardinality[source_rank]" time="2.250" /><testcase classname="tests.test_v31_corpus" name="test_validator_rejects_semantic_corruption_at_unchanged_cardinality[valid_wrong_symbol]" time="2.254" /><testcase classname="tests.test_v31_corpus" name="test_validator_rejects_semantic_corruption_at_unchanged_cardinality[eligibility]" time="1.839" /><testcase classname="tests.test_v31_corpus" name="test_validator_rejects_semantic_corruption_at_unchanged_cardinality[exclusion_reason]" time="0.079" /><testcase classname="tests.test_v31_corpus" name="test_validator_rejects_semantic_corruption_at_unchanged_cardinality[retention]" time="0.003" /><testcase classname="tests.test_v31_corpus" name="test_b_is_diagnostic_and_keeps_low_retention_documents" time="0.103" /><testcase classname="tests.test_v31_corpus" name="test_coordinate_schema_does_not_silently_cast_float_ids" time="0.879" /><testcase classname="tests.test_v31_corpus" name="test_subtype_stripping_is_total_and_lowercases_every_colon" time="0.001" /><testcase classname="tests.test_v31_corpus" name="test_propn_is_mapped_to_noun_before_retention" time="0.030" /><testcase classname="tests.test_v31_corpus" name="test_excluded_source_upos_drops_before_any_deprel_rule[PUNCT-ud23]" time="0.029" /><testcase classname="tests.test_v31_corpus" name="test_excluded_source_upos_drops_before_any_deprel_rule[PUNCT-ud23_oth]" time="0.029" /><testcase classname="tests.test_v31_corpus" name="test_excluded_source_upos_drops_before_any_deprel_rule[PUNCT-upos_only]" time="0.029" /><testcase classname="tests.test_v31_corpus" name="test_excluded_source_upos_drops_before_any_deprel_rule[X-ud23]" time="0.029" /><testcase classname="tests.test_v31_corpus" name="test_excluded_source_upos_drops_before_any_deprel_rule[X-ud23_oth]" time="0.029" /><testcase classname="tests.test_v31_corpus" name="test_excluded_source_upos_drops_before_any_deprel_rule[X-upos_only]" time="0.029" /><testcase classname="tests.test_v31_corpus" name="test_excluded_source_upos_drops_before_any_deprel_rule[INTJ-ud23]" time="0.029" /><testcase classname="tests.test_v31_corpus" name="test_excluded_source_upos_drops_before_any_deprel_rule[INTJ-ud23_oth]" time="0.029" /><testcase classname="tests.test_v31_corpus" name="test_excluded_source_upos_drops_before_any_deprel_rule[INTJ-upos_only]" time="0.029" /><testcase classname="tests.test_v31_corpus" name="test_excluded_source_upos_drops_before_any_deprel_rule[SYM-ud23]" time="0.029" /><testcase classname="tests.test_v31_corpus" name="test_excluded_source_upos_drops_before_any_deprel_rule[SYM-ud23_oth]" time="0.029" /><testcase classname="tests.test_v31_corpus" name="test_excluded_source_upos_drops_before_any_deprel_rule[SYM-upos_only]" time="0.029" /><testcase classname="tests.test_v31_corpus" name="test_excluded_deprel_drops_with_its_base_label_or_is_absorbed_by_oth" time="0.029" /><testcase classname="tests.test_v31_corpus" name="test_the_merge_follows_retention_so_an_excluded_token_keeps_its_source_upos" time="0.029" /><testcase classname="tests.test_v31_corpus" name="test_mapped_token_is_immutable" time="0.028" /><testcase classname="tests.test_v31_corpus" name="test_map_tokens_keeps_a_boolean_mask_on_an_empty_table" time="0.031" /><testcase classname="tests.test_v31_corpus" name="test_an_unknown_alphabet_variant_is_refused" time="0.029" /><testcase classname="tests.test_v31_descriptive" name="test_cli_runs_every_cell_and_publishes_one_partition_per_pair" time="0.450" /><testcase classname="tests.test_v31_descriptive" name="test_persisted_positions_carry_exactly_the_plan_columns_and_every_eligible_slot" time="0.254" /><testcase classname="tests.test_v31_descriptive" name="test_every_pair_persists_its_exact_sampling_ledger" time="0.447" /><testcase classname="tests.test_v31_descriptive" name="test_sensitivity_checks_coordinate_slot_sets_before_discarding_vectors[changed_key]" time="0.012" /><testcase classname="tests.test_v31_descriptive" name="test_sensitivity_checks_coordinate_slot_sets_before_discarding_vectors[duplicate_key]" time="0.011" /><testcase classname="tests.test_v31_descriptive" name="test_a_cell_selection_leaves_the_other_cells_unpublished" time="0.235" /><testcase classname="tests.test_v31_descriptive" name="test_seed_zero_trial_resumes_to_full_campaign_without_changing_identity" time="2.122" /><testcase classname="tests.test_v31_descriptive" name="test_seed_selection_refuses_undeclared_seed_before_loading_corpus" time="0.006" /><testcase classname="tests.test_v31_descriptive" name="test_interrupted_fit_keeps_completed_pairs_and_resume_matches_fresh_run" time="0.908" /><testcase classname="tests.test_v31_descriptive" name="test_the_fixture_declaration_is_required_and_refused_for_the_deposit" time="0.076" /><testcase classname="tests.test_v31_descriptive" name="test_a_second_run_refuses_the_destination_unless_resume_is_asked_for" time="0.261" /><testcase classname="tests.test_v31_descriptive" name="test_resume_reuses_validated_partitions_byte_for_byte_and_finishes_the_rest" time="0.690" /><testcase classname="tests.test_v31_descriptive" name="test_resume_refuses_a_changed_contract_or_a_changed_corpus" time="0.312" /><testcase classname="tests.test_v31_descriptive" name="test_a_corrupted_partition_is_detected_and_never_reused[bytes]" time="0.257" /><testcase classname="tests.test_v31_descriptive" name="test_a_corrupted_partition_is_detected_and_never_reused[truncated]" time="0.260" /><testcase classname="tests.test_v31_descriptive" name="test_a_corrupted_partition_is_detected_and_never_reused[missing]" time="0.262" /><testcase classname="tests.test_v31_descriptive" name="test_a_corrupted_partition_is_detected_and_never_reused[rows]" time="0.260" /><testcase classname="tests.test_v31_descriptive" name="test_a_corrupted_partition_is_detected_and_never_reused[identity]" time="0.258" /><testcase classname="tests.test_v31_descriptive" name="test_a_corrupted_partition_is_detected_and_never_reused[ledger_reference]" time="0.261" /><testcase classname="tests.test_v31_descriptive" name="test_an_interrupted_write_publishes_nothing_and_leaves_the_prior_state_intact" time="0.391" /><testcase classname="tests.test_v31_descriptive" name="test_a_kill_between_the_hard_link_and_the_manifest_blocks_resume_by_name" time="0.525" /><testcase classname="tests.test_v31_descriptive" name="test_two_destinations_publish_the_same_partitions_byte_for_byte" time="2.984" /><testcase classname="tests.test_v31_descriptive" name="test_the_manifest_refuses_duplicate_extra_and_missing_keys[duplicate_json_key]" time="0.243" /><testcase classname="tests.test_v31_descriptive" name="test_the_manifest_refuses_duplicate_extra_and_missing_keys[nonfinite_json]" time="0.244" /><testcase classname="tests.test_v31_descriptive" name="test_the_manifest_refuses_duplicate_extra_and_missing_keys[unknown_field]" time="0.243" /><testcase classname="tests.test_v31_descriptive" name="test_the_manifest_refuses_duplicate_extra_and_missing_keys[missing_field]" time="0.244" /><testcase classname="tests.test_v31_descriptive" name="test_the_manifest_refuses_duplicate_extra_and_missing_keys[duplicate_model_key]" time="0.242" /><testcase classname="tests.test_v31_descriptive" name="test_the_manifest_refuses_duplicate_extra_and_missing_keys[extra_model_key]" time="0.244" /><testcase classname="tests.test_v31_descriptive" name="test_the_manifest_refuses_duplicate_extra_and_missing_keys[extra_artifact]" time="0.246" /><testcase classname="tests.test_v31_descriptive" name="test_the_manifest_refuses_duplicate_extra_and_missing_keys[unknown_stage]" time="0.245" /><testcase classname="tests.test_v31_descriptive" name="test_report_cli_emits_every_declared_table_from_a_complete_campaign" time="1.509" /><testcase classname="tests.test_v31_descriptive" name="test_report_reconstructs_documents_blocks_and_groups_from_the_persisted_positions" time="1.549" /><testcase classname="tests.test_v31_descriptive" name="test_arm_diagnostics_keep_the_document_dimension_the_loss_sums_carry" time="1.526" /><testcase classname="tests.test_v31_descriptive" name="test_report_refuses_a_document_silently_dropped_from_document_scores" time="0.485" /><testcase classname="tests.test_v31_descriptive" name="test_report_refuses_an_incomplete_campaign_and_any_inventory_only_score" time="0.262" /><testcase classname="tests.test_v31_descriptive" name="test_report_refuses_a_run_that_is_not_the_deposited_configuration" time="0.447" /><testcase classname="tests.test_v31_descriptive" name="test_report_refuses_a_second_emission_and_a_partition_added_after_it" time="1.538" /><testcase classname="tests.test_v31_descriptive" name="test_evidence_must_be_recorded_under_the_code_and_lock_of_this_run" time="0.442" /><testcase classname="tests.test_v31_descriptive" name="test_real_report_requires_v2_and_v3_evidence_as_well_as_corpus" time="0.440" /><testcase classname="tests.test_v31_descriptive" name="test_retired_stages_do_not_exist[run_confirmatory]" time="0.000" /><testcase classname="tests.test_v31_descriptive" name="test_retired_stages_do_not_exist[run_null_calibration]" time="0.000" /><testcase classname="tests.test_v31_descriptive" name="test_retired_stages_do_not_exist[run_reference]" time="0.000" /><testcase classname="tests.test_v31_descriptive" name="test_retired_stages_do_not_exist[run_latin]" time="0.000" /><testcase classname="tests.test_v31_descriptive" name="test_retired_stages_do_not_exist[run_sensitivity]" time="0.000" /><testcase classname="tests.test_v31_descriptive" name="test_retired_stages_do_not_exist[legacy_audit]" time="0.000" /><testcase classname="tests.test_v31_descriptive" name="test_retired_v21_modules_do_not_exist[hormathos.blocks]" time="0.000" /><testcase classname="tests.test_v31_descriptive" name="test_retired_v21_modules_do_not_exist[hormathos.registry]" time="0.000" /><testcase classname="tests.test_v31_descriptive" name="test_retired_v21_modules_do_not_exist[hormathos.sequences]" time="0.000" /><testcase classname="tests.test_v31_descriptive" name="test_retired_v21_modules_do_not_exist[hormathos.model.lexicon]" time="0.000" /><testcase classname="tests.test_v31_descriptive" name="test_retired_v21_modules_do_not_exist[hormathos.stats]" time="0.000" /><testcase classname="tests.test_v31_descriptive" name="test_the_v21_configuration_api_is_gone" time="0.000" /><testcase classname="tests.test_v31_descriptive" name="test_the_descriptive_path_imports_no_retired_scientific_module" time="0.017" /><testcase classname="tests.test_v31_descriptive" name="test_the_documented_command_lines_run_the_whole_toy_campaign" time="2.914" /><testcase classname="tests.test_v31_docs" name="test_active_authority_and_instructions_are_aligned" time="0.002" /><testcase classname="tests.test_v31_docs" name="test_the_v3_001_acts_are_never_rewritten" time="0.000" /><testcase classname="tests.test_v31_docs" name="test_the_package_is_hormathos_and_hexis_names_only_the_design" time="0.001" /><testcase classname="tests.test_v31_docs" name="test_the_deposit_and_the_lock_are_byte_preserved" time="0.052" /><testcase classname="tests.test_v31_docs" name="test_the_sdist_ships_exactly_the_tracked_tree" time="0.050" /><testcase classname="tests.test_v31_docs" name="test_all_preserved_v21_documents_match_the_original_hash_inventory" time="0.003" /><testcase classname="tests.test_v31_docs" name="test_the_archive_is_a_record_and_never_a_dependency" time="0.000" /><testcase classname="tests.test_v31_docs" name="test_every_archived_file_has_its_bytes_at_the_base" time="0.089" /><testcase classname="tests.test_v31_docs" name="test_test_inventory_explicitly_tracks_future_obligations" time="0.003" /><testcase classname="tests.test_v31_docs" name="test_pipeline_does_not_import_candidates_or_inferential_utilities" time="0.087" /><testcase classname="tests.test_v31_docs" name="test_the_three_standing_instruction_copies_are_identical" time="0.001" /><testcase classname="tests.test_v31_enforcement" name="test_v31_actual_collection_covers_required_behaviors" time="0.002" /><testcase classname="tests.test_v31_enforcement" name="test_v31_inventory_lists_every_collected_active_test" time="0.002" /><testcase classname="tests.test_v31_enforcement" name="test_parameterized_case_counts_match_the_reviewed_inventory" time="0.001" /><testcase classname="tests.test_v31_enforcement" name="test_parameterized_case_gate_catches_one_removed_case" time="0.001" /><testcase classname="tests.test_v31_enforcement" name="test_v31_inventory_rejects_missing_test_and_marker" time="0.000" /><testcase classname="tests.test_v31_enforcement" name="test_v31_enforcement_rejects_vacuity_skip_and_xfail[def test_bad(): pass]" time="0.124" /><testcase classname="tests.test_v31_enforcement" name="test_v31_enforcement_rejects_vacuity_skip_and_xfail[def test_bad():\n    if False: assert True]" time="0.124" /><testcase classname="tests.test_v31_enforcement" name="test_v31_enforcement_rejects_vacuity_skip_and_xfail[def test_bad(): pytest.skip(&quot;no&quot;)]" time="0.125" /><testcase classname="tests.test_v31_enforcement" name="test_v31_enforcement_rejects_vacuity_skip_and_xfail[@pytest.mark.xfail\ndef test_bad(): assert False]" time="0.131" /><testcase classname="tests.test_v31_enforcement" name="test_v31_enforcement_rejects_vacuity_skip_and_xfail[pytest.skip(&quot;no&quot;, allow_module_level=True)\ndef test_bad(): assert True]" time="0.123" /><testcase classname="tests.test_v31_enforcement" name="test_v31_enforcement_accepts_executed_assert" time="0.125" /><testcase classname="tests.test_v31_enforcement" name="test_collection_skip_without_marker_fails_the_gate" time="0.125" /><testcase classname="tests.test_v31_enforcement" name="test_nested_conftest_collection_skip_fails_the_gate" time="0.126" /><testcase classname="tests.test_v31_enforcement" name="test_v31_enforcement_rejects_a_static_skip_and_an_xpass_without_strict_xfail[@pytest.mark.skip(&quot;static&quot;)\ndef test_bad(): assert True]" time="0.122" /><testcase classname="tests.test_v31_enforcement" name="test_v31_enforcement_rejects_a_static_skip_and_an_xpass_without_strict_xfail[@pytest.mark.xfail(reason=&quot;but passes&quot;)\ndef test_bad(): assert True]" time="0.124" /><testcase classname="tests.test_v31_enforcement" name="test_v31_enforcement_rejects_a_static_skip_and_an_xpass_without_strict_xfail[@pytest.mark.xfail(reason=&quot;but passes&quot;, strict=False)\ndef test_bad(): assert True]" time="0.124" /><testcase classname="tests.test_v31_enforcement" name="test_v31_enforcement_invalidates_pyc_compiled_without_the_assertion_hook" time="0.246" /><testcase classname="tests.test_v31_enforcement" name="test_every_collected_test_is_active_acceptance" time="0.120" /><testcase classname="tests.test_v31_enforcement" name="test_the_archive_is_never_collected_even_from_the_root" time="0.246" /><testcase classname="tests.test_v31_figures" name="test_report_emits_the_five_contract_figures_as_deterministic_svg" time="3.965" /><testcase classname="tests.test_v31_figures" name="test_plotted_values_are_the_verified_table_values" time="0.130" /><testcase classname="tests.test_v31_figures" name="test_structured_model_columns_are_canonical_json" time="0.155" /><testcase classname="tests.test_v31_figures" name="test_figures_read_tables_only" time="0.005" /><testcase classname="tests.test_v31_figures" name="test_mixture_mass_axis_stops_at_the_reference_depth" time="0.020" /><testcase classname="tests.test_v31_figures" name="test_profiles_label_documents_by_author_work_and_targets" time="0.042" /><testcase classname="tests.test_v31_figures" name="test_corpus_figure_orders_documents_by_group_then_block" time="0.017" /><testcase classname="tests.test_v31_figures" name="test_r1_tables_and_figure_name_every_symbol" time="0.017" /><testcase classname="tests.test_v31_figures" name="test_sensitivity_figure_follows_the_declared_cell_order" time="0.027" /><testcase classname="tests.test_v31_figures" name="test_every_figure_keeps_its_text_inside_the_canvas" time="0.938" /><testcase classname="tests.test_v31_persistence" name="test_exact_three_inputs_and_hashes" time="0.084" /><testcase classname="tests.test_v31_persistence" name="test_identity_excludes_locations_and_is_sensitive_to_components" time="0.000" /><testcase classname="tests.test_v31_persistence" name="test_atomic_roundtrip_and_same_run_in_distinct_directories" time="0.014" /><testcase classname="tests.test_v31_persistence" name="test_encode_updates_one_manifest_without_overwriting_audit" time="0.004" /><testcase classname="tests.test_v31_persistence" name="test_corruption_prevents_stage_reuse[bytes]" time="0.005" /><testcase classname="tests.test_v31_persistence" name="test_corruption_prevents_stage_reuse[extra]" time="0.005" /><testcase classname="tests.test_v31_persistence" name="test_corruption_prevents_stage_reuse[missing]" time="0.005" /><testcase classname="tests.test_v31_persistence" name="test_corruption_prevents_stage_reuse[schema]" time="0.006" /><testcase classname="tests.test_v31_persistence" name="test_corruption_prevents_stage_reuse[rows]" time="0.005" /><testcase classname="tests.test_v31_persistence" name="test_corruption_prevents_stage_reuse[identity]" time="0.005" /><testcase classname="tests.test_v31_persistence" name="test_interrupted_write_never_publishes_stage" time="0.001" /><testcase classname="tests.test_v31_persistence" name="test_destinations_with_existing_files_are_preserved" time="0.001" /><testcase classname="tests.test_v31_persistence" name="test_output_raw_and_symlink_rejected" time="0.001" /><testcase classname="tests.test_v31_persistence" name="test_input_staging_binds_hash_to_processed_bytes_and_detects_changes" time="0.002" /><testcase classname="tests.test_v31_persistence" name="test_before_publication_input_failure_leaves_prior_stage_intact" time="0.003" /><testcase classname="tests.test_v31_persistence" name="test_concurrent_reservation_refuses_second_writer" time="0.006" /><testcase classname="tests.test_v31_persistence" name="test_manifest_schema_rejects_ambiguous_json[duplicate_json_key]" time="0.005" /><testcase classname="tests.test_v31_persistence" name="test_manifest_schema_rejects_ambiguous_json[nonfinite_json]" time="0.005" /><testcase classname="tests.test_v31_persistence" name="test_manifest_schema_rejects_ambiguous_json[unknown_manifest_field]" time="0.005" /><testcase classname="tests.test_v31_persistence" name="test_sha256_file_is_the_hash_of_the_bytes_on_disk" time="0.001" /><testcase classname="tests.test_v31_persistence" name="test_a_destination_inside_the_repository_raw_root_is_refused_under_any_data_root" time="0.001" /><testcase classname="tests.test_v31_pre_v3_audit" name="test_manifest_commit_exception_preserves_the_published_state[False]" time="0.002" /><testcase classname="tests.test_v31_pre_v3_audit" name="test_manifest_commit_exception_preserves_the_published_state[True]" time="0.002" /><testcase classname="tests.test_v31_pre_v3_audit" name="test_scientific_manifest_commit_exception_keeps_a_valid_fixture_run[False]" time="0.140" /><testcase classname="tests.test_v31_pre_v3_audit" name="test_scientific_manifest_commit_exception_keeps_a_valid_fixture_run[True]" time="0.142" /><testcase classname="tests.test_v31_pre_v3_audit" name="test_extra_ds_store_is_named_in_v1_and_deposit" time="0.004" /><testcase classname="tests.test_v31_pre_v3_audit" name="test_spread_accepts_one_rounding_unit_only" time="0.005" /><testcase classname="tests.test_v31_pre_v3_audit" name="test_regeneration_tolerance_is_absolute_and_scales_only_loss_sums" time="0.005" /><testcase classname="tests.test_v31_pre_v3_audit" name="test_regeneration_rejects_changed_integer_identity_in_parquet" time="0.003" /><testcase classname="tests.test_v31_pre_v3_audit" name="test_raw_alias_is_rejected_even_when_case_differs" time="0.001" /><testcase classname="tests.test_v31_pre_v3_audit" name="test_raw_alias_is_rejected_even_when_resolve_misses_it" time="0.001" /><testcase classname="tests.test_v31_pre_v3_audit" name="test_fixture_cannot_reuse_the_deposited_spec_version" time="6.713" /><testcase classname="tests.test_v31_pre_v3_audit" name="test_sample_fold_rejects_a_document_in_two_blocks_before_training" time="0.001" /><testcase classname="tests.test_v31_pre_v3_audit" name="test_load_corpus_reads_the_validated_private_copy" time="0.031" /><testcase classname="tests.test_v31_pre_v3_audit" name="test_category_order_cannot_hide_swapped_document_order" time="10.609" /><testcase classname="tests.test_v31_pre_v3_audit" name="test_category_order_cannot_hide_swapped_coordinate_order" time="1.245" /><testcase classname="tests.test_v31_pre_v3_audit" name="test_parser_consumes_the_copied_v1_input" time="0.035" /><testcase classname="tests.test_v31_pre_v3_audit" name="test_rollback_keeps_artifacts_when_the_manifest_is_unreadable" time="0.002" /><testcase classname="tests.test_v31_pre_v3_audit" name="test_descriptive_context_change_cannot_publish_a_pair" time="0.149" /><testcase classname="tests.test_v31_pre_v3_audit" name="test_acceptance_rejects_junit_failure_even_with_zero_process_status[skipped]" time="0.001" /><testcase classname="tests.test_v31_pre_v3_audit" name="test_acceptance_rejects_junit_failure_even_with_zero_process_status[failure]" time="0.000" /><testcase classname="tests.test_v31_pre_v4_review" name="test_sequence_eligibility_follows_the_configured_min_available_past" time="10.753" /><testcase classname="tests.test_v31_pre_v4_review" name="test_scoring_hands_the_model_only_the_last_depth_symbols" time="0.001" /><testcase classname="tests.test_v31_r1" name="test_jsd_is_symmetric_zero_on_the_diagonal_and_bounded_by_one_bit" time="0.011" /><testcase classname="tests.test_v31_r1" name="test_smoothed_counts_of_the_seven_blocks_and_their_matrix" time="0.026" /><testcase classname="tests.test_v31_r1" name="test_matrix_orders_blocks_alphabetically_like_pairs_regardless_of_insertion_order" time="0.006" /><testcase classname="tests.test_v31_r1" name="test_group_centroids_are_not_the_mean_of_the_pairwise_divergences" time="0.001" /><testcase classname="tests.test_v31_report_semantics" name="test_partition_semantic_corruption_is_rejected[extra]" time="0.036" /><testcase classname="tests.test_v31_report_semantics" name="test_partition_semantic_corruption_is_rejected[missing_positions]" time="0.035" /><testcase classname="tests.test_v31_report_semantics" name="test_partition_semantic_corruption_is_rejected[duplicate_document]" time="0.035" /><testcase classname="tests.test_v31_report_semantics" name="test_partition_semantic_corruption_is_rejected[duplicate_arm]" time="0.035" /><testcase classname="tests.test_v31_report_semantics" name="test_partition_semantic_corruption_is_rejected[missing_arm]" time="0.035" /><testcase classname="tests.test_v31_report_semantics" name="test_partition_semantic_corruption_is_rejected[extra_sum]" time="0.035" /><testcase classname="tests.test_v31_report_semantics" name="test_partition_semantic_corruption_is_rejected[denominator]" time="0.035" /><testcase classname="tests.test_v31_report_semantics" name="test_partition_semantic_corruption_is_rejected[fractional_count]" time="0.035" /><testcase classname="tests.test_v31_report_semantics" name="test_partition_semantic_corruption_is_rejected[bool_count]" time="0.035" /><testcase classname="tests.test_v31_report_semantics" name="test_partition_semantic_corruption_is_rejected[nan_sum]" time="0.025" /><testcase classname="tests.test_v31_report_semantics" name="test_partition_semantic_corruption_is_rejected[negative_sum]" time="0.035" /><testcase classname="tests.test_v31_report_semantics" name="test_partition_semantic_corruption_is_rejected[valid_count]" time="0.035" /><testcase classname="tests.test_v31_report_semantics" name="test_partition_semantic_corruption_is_rejected[mass]" time="0.035" /><testcase classname="tests.test_v31_report_semantics" name="test_partition_semantic_corruption_is_rejected[resolved]" time="0.045" /><testcase classname="tests.test_v31_report_semantics" name="test_partition_semantic_corruption_is_rejected[unseen]" time="0.047" /><testcase classname="tests.test_v31_report_semantics" name="test_partition_semantic_corruption_is_rejected[model_arm]" time="0.035" /><testcase classname="tests.test_v31_report_semantics" name="test_partition_semantic_corruption_is_rejected[variant]" time="0.025" /><testcase classname="tests.test_v31_report_semantics" name="test_partition_semantic_corruption_is_rejected[position_duplicate]" time="0.038" /><testcase classname="tests.test_v31_report_semantics" name="test_partition_semantic_corruption_is_rejected[position_nan]" time="0.039" /><testcase classname="tests.test_v31_report_semantics" name="test_partition_semantic_corruption_is_rejected[position_symbol]" time="0.038" /><testcase classname="tests.test_v31_report_semantics" name="test_partition_semantic_corruption_is_rejected[model_histogram]" time="0.036" /><testcase classname="tests.test_v31_report_semantics" name="test_partition_semantic_corruption_is_rejected[training_tokens]" time="0.035" /><testcase classname="tests.test_v31_report_semantics" name="test_partition_semantic_corruption_is_rejected[shuffle_denominator]" time="0.036" /><testcase classname="tests.test_v31_report_semantics" name="test_partition_semantic_corruption_is_rejected[training]" time="0.033" /><testcase classname="tests.test_v31_report_semantics" name="test_partition_semantic_corruption_is_rejected[fragments]" time="0.034" /><testcase classname="tests.test_v31_report_semantics" name="test_the_persisted_ledger_is_the_contract_sample_even_after_rehashing[held_out]" time="0.034" /><testcase classname="tests.test_v31_report_semantics" name="test_the_persisted_ledger_is_the_contract_sample_even_after_rehashing[inventory_only]" time="0.035" /><testcase classname="tests.test_v31_report_semantics" name="test_the_persisted_ledger_is_the_contract_sample_even_after_rehashing[offset]" time="0.035" /><testcase classname="tests.test_v31_report_semantics" name="test_shuffle_counts_and_c0_provenance_are_the_contract_regeneration[training_changes-shuffle]" time="0.036" /><testcase classname="tests.test_v31_report_semantics" name="test_shuffle_counts_and_c0_provenance_are_the_contract_regeneration[provenance_swap-shuffle_eval]" time="0.040" /><testcase classname="tests.test_v31_report_semantics" name="test_each_c0_guard_names_its_own_corruption[sum_value-reconstructed]" time="0.045" /><testcase classname="tests.test_v31_report_semantics" name="test_each_c0_guard_names_its_own_corruption[original_symbol-original_symbol_id differs]" time="0.039" /><testcase classname="tests.test_v31_report_semantics" name="test_each_c0_guard_names_its_own_corruption[provenance_sentence-source symbol/sentence]" time="0.040" /><testcase classname="tests.test_v31_report_semantics" name="test_each_c0_guard_names_its_own_corruption[ledger_bytes-ledger digest]" time="0.026" /><testcase classname="tests.test_v31_report_semantics" name="test_sensitivity_partitions_enforce_diagnostic_denominators_and_bounds[valid_count-diagnostic denominator]" time="0.033" /><testcase classname="tests.test_v31_report_semantics" name="test_sensitivity_partitions_enforce_diagnostic_denominators_and_bounds[resolved_bound-resolved sum exceeds]" time="0.034" /><testcase classname="tests.test_v31_report_semantics" name="test_duplicate_json_fields_in_pair_are_rejected" time="0.059" /><testcase classname="tests.test_v31_report_semantics" name="test_partial_campaign_validates_and_float_reconstruction_allows_roundoff" time="0.059" /><testcase classname="tests.test_v31_report_semantics" name="test_root_distribution_preserves_empirical_and_smoothed_frequencies" time="0.010" /><testcase classname="tests.test_v31_sampling" name="test_pinned_rng_vector_and_fixture_ledger_reproduce_the_deposit" time="0.003" /><testcase classname="tests.test_v31_sampling" name="test_deposited_block_keys_recompute_from_their_member_lists" time="0.001" /><testcase classname="tests.test_v31_sampling" name="test_purposes_fields_repeatability_and_no_active_shuffle_probe" time="0.002" /><testcase classname="tests.test_v31_sampling" name="test_one_sample_feeds_both_arms_and_each_sentence_shuffles_independently" time="10.062" /><testcase classname="tests.test_v31_sampling" name="test_held_out_and_inventory_only_never_enter_any_cell_or_fold" time="2.402" /><testcase classname="tests.test_v31_sampling" name="test_exact_budget_without_replacement_and_one_fragment_per_contributor" time="0.038" /><testcase classname="tests.test_v31_sampling" name="test_empty_sentences_stay_in_the_universe_without_spending_budget" time="0.009" /><testcase classname="tests.test_v31_sampling" name="test_canonical_order_and_fragment_offset_match_an_independent_transcription[ATHENAEUS]" time="0.020" /><testcase classname="tests.test_v31_sampling" name="test_canonical_order_and_fragment_offset_match_an_independent_transcription[DIODORUS]" time="0.011" /><testcase classname="tests.test_v31_sampling" name="test_canonical_order_and_fragment_offset_match_an_independent_transcription[HERODOTUS]" time="0.015" /><testcase classname="tests.test_v31_sampling" name="test_canonical_order_and_fragment_offset_match_an_independent_transcription[HESIODIC_TRADITION]" time="0.012" /><testcase classname="tests.test_v31_sampling" name="test_canonical_order_and_fragment_offset_match_an_independent_transcription[HOMERIC_TRADITION]" time="0.061" /><testcase classname="tests.test_v31_sampling" name="test_canonical_order_and_fragment_offset_match_an_independent_transcription[THUCYDIDES]" time="0.009" /><testcase classname="tests.test_v31_sampling" name="test_the_fragment_offset_can_reach_every_contiguous_segment" time="0.122" /><testcase classname="tests.test_v31_sampling" name="test_impossible_budgets_fail_explicitly[over budget-29-lengths0-docs0-exceeds]" time="0.002" /><testcase classname="tests.test_v31_sampling" name="test_impossible_budgets_fail_explicitly[only empty sentences-1-lengths1-docs1-exceeds]" time="0.002" /><testcase classname="tests.test_v31_sampling" name="test_impossible_budgets_fail_explicitly[no member sentence-1-lengths2-docs2-exceeds]" time="0.002" /><testcase classname="tests.test_v31_sampling" name="test_impossible_budgets_fail_explicitly[zero budget-0-lengths3-docs3-positive]" time="0.001" /><testcase classname="tests.test_v31_sampling" name="test_impossible_budgets_fail_explicitly[negative budget--1-lengths4-docs4-positive]" time="0.001" /><testcase classname="tests.test_v31_sampling" name="test_record_order_and_labels_do_not_change_the_ledger" time="0.464" /><testcase classname="tests.test_v31_sampling" name="test_declared_ledger_and_permutation_reuse_between_cells" time="0.442" /><testcase classname="tests.test_v31_sampling" name="test_streams_survive_the_parquet_round_trip_of_the_corpus_artifact" time="0.057" /><testcase classname="tests.test_v31_sampling" name="test_each_sentence_or_fragment_is_one_reset_stream_without_separators" time="0.317" /><testcase classname="tests.test_v31_sampling" name="test_sample_streams_refuses_a_ledger_cut_from_a_shorter_variant" time="0.002" /><testcase classname="tests.test_v31_sampling" name="test_shuffle_preserves_length_multiset_mask_and_root_counts" time="0.266" /><testcase classname="tests.test_v31_sampling" name="test_slot_identity_is_distinct_from_the_provenance_of_the_moved_token" time="0.468" /><testcase classname="tests.test_v31_sampling" name="test_shuffle_records_the_symbol_change_rate_with_an_explicit_denominator" time="0.000" /><testcase classname="tests.test_v31_sampling" name="test_shuffled_control_is_not_iid_within_a_stream" time="0.011" /><testcase classname="tests.test_v31_sampling" name="test_heterogeneous_pool_keeps_local_dependence_after_shuffling" time="0.006" /><testcase classname="tests.test_v31_sampling" name="test_module_imports_no_retired_v21_helper" time="0.014" /><testcase classname="tests.test_v31_scores" name="test_scoring_rejects_invalid_slot_bijections_and_symbols[duplicate]" time="0.000" /><testcase classname="tests.test_v31_scores" name="test_scoring_rejects_invalid_slot_bijections_and_symbols[cross_stream_duplicate]" time="0.000" /><testcase classname="tests.test_v31_scores" name="test_scoring_rejects_invalid_slot_bijections_and_symbols[origin]" time="0.000" /><testcase classname="tests.test_v31_scores" name="test_scoring_rejects_invalid_slot_bijections_and_symbols[negative]" time="0.000" /><testcase classname="tests.test_v31_scores" name="test_scoring_rejects_invalid_slot_bijections_and_symbols[short_slots]" time="0.000" /><testcase classname="tests.test_v31_scores" name="test_unseen_branch_encounter_survives_weight_underflow" time="0.000" /><testcase classname="tests.test_v31_scores" name="test_public_core_and_annotation_keep_scores_independent_of_labels" time="0.025" /><testcase classname="tests.test_v31_scores" name="test_annotation_refuses_ambiguous_missing_or_overwriting_registry[duplicate]" time="0.001" /><testcase classname="tests.test_v31_scores" name="test_annotation_refuses_ambiguous_missing_or_overwriting_registry[missing]" time="0.001" /><testcase classname="tests.test_v31_scores" name="test_annotation_refuses_ambiguous_missing_or_overwriting_registry[null]" time="0.001" /><testcase classname="tests.test_v31_scores" name="test_annotation_refuses_ambiguous_missing_or_overwriting_registry[overwrite]" time="0.001" /><testcase classname="tests.test_v31_scores" name="test_four_term_q_reproduces_the_archived_sign_inversion" time="0.007" /><testcase classname="tests.test_v31_scores" name="test_q_needs_the_four_terms_of_two_independently_fitted_arms" time="0.015" /><testcase classname="tests.test_v31_scores" name="test_slots_are_paired_one_to_one_and_a_mismatch_is_refused" time="0.006" /><testcase classname="tests.test_v31_scores" name="test_pooled_core_refuses_an_alphabet_size_mismatch" time="0.000" /><testcase classname="tests.test_v31_scores" name="test_pooled_core_refuses_a_negative_min_available_past" time="0.000" /><testcase classname="tests.test_v31_scores" name="test_shuffled_gain_is_not_automatically_zero_on_a_heterogeneous_pool" time="0.014" /><testcase classname="tests.test_v31_scores" name="test_losses_sum_through_documents_blocks_and_groups" time="0.022" /><testcase classname="tests.test_v31_scores" name="test_roll_up_casts_count_columns_to_int64_in_both_branches" time="0.003" /><testcase classname="tests.test_v31_scores" name="test_both_weightings_report_four_components_and_agree_on_d_q" time="0.009" /><testcase classname="tests.test_v31_scores" name="test_contrasts_refuse_a_q_that_is_not_the_gain_difference" time="0.003" /><testcase classname="tests.test_v31_scores" name="test_paired_sensitivities_over_the_first_ten_seeds_detect_a_population_mismatch" time="0.294" /><testcase classname="tests.test_v31_scores" name="test_mixture_masses_and_resolved_length_follow_the_direct_sum" time="0.001" /><testcase classname="tests.test_v31_scores" name="test_evaluation_diagnostics_count_valid_and_null_resolved_means" time="0.010" /><testcase classname="tests.test_v31_scores" name="test_an_empty_band_is_null_with_a_reason_and_never_a_false_zero" time="0.011" /><testcase classname="tests.test_v31_scores" name="test_public_core_keeps_the_label_free_signature" time="0.000" /><testcase classname="tests.test_v31_scores" name="test_annotation_keeps_the_registry_signature" time="0.000" /><testcase classname="tests.test_v31_validation_run" name="test_acceptance_checks_actual_junit_collection_and_process" time="0.257" /><testcase classname="tests.test_v31_validation_run" name="test_acceptance_rejects_vacuity_skip_and_failure[pass]" time="0.241" /><testcase classname="tests.test_v31_validation_run" name="test_acceptance_rejects_vacuity_skip_and_failure[pytest.skip(&quot;pending&quot;)]" time="0.239" /><testcase classname="tests.test_v31_validation_run" name="test_acceptance_rejects_vacuity_skip_and_failure[assert False]" time="0.250" /><testcase classname="tests.test_v31_validation_run" name="test_validation_cli_requires_both_directories_and_protects_raw" time="0.003" /><testcase classname="tests.test_v31_validation_run" name="test_new_schema_refuses_old_run_without_rewriting_it" time="0.466" /><testcase classname="tests.test_v31_validation_run" name="test_seed_zero_technical_keys_are_distinct_from_campaign_keys" time="0.032" /><testcase classname="tests.test_v31_validation_run" name="test_validation_evidence_survives_descriptive_progress_and_resume" time="24.262" /><testcase classname="tests.test_v31_validation_run" name="test_report_refuses_changed_v2_execution_context[False]" time="4.702" /><testcase classname="tests.test_v31_validation_run" name="test_report_refuses_changed_v2_execution_context[True]" time="6.387" /><testcase classname="tests.test_v31_validation_run" name="test_invalid_validation_evidence_blocks_fits[missing]" time="0.980" /><testcase classname="tests.test_v31_validation_run" name="test_invalid_validation_evidence_blocks_fits[pass_only]" time="0.946" /><testcase classname="tests.test_v31_validation_run" name="test_invalid_validation_evidence_blocks_fits[context]" time="1.348" /><testcase classname="tests.test_v31_validation_run" name="test_invalid_validation_evidence_blocks_fits[junit]" time="1.345" /><testcase classname="tests.test_v31_validation_run" name="test_invalid_validation_evidence_blocks_fits[process]" time="1.341" /><testcase classname="tests.test_v31_validation_run" name="test_validation_refuses_changed_execution_context_without_publication" time="0.476" /><testcase classname="tests.test_v31_validation_run" name="test_technical_completion_is_fixture_only_and_requires_the_exact_seed_zero_set" time="0.557" /><testcase classname="tests.test_v31_validation_run" name="test_seed_zero_single_cell_keeps_v3_pending" time="3.150" /><testcase classname="tests.test_v31_validation_run" name="test_real_fit_requires_clean_tracked_producers" time="0.222" /><testcase classname="tests.test_v31_validation_run" name="test_recorded_v3_evidence_is_recomputed_never_trusted[None]" time="11.224" /><testcase classname="tests.test_v31_validation_run" name="test_recorded_v3_evidence_is_recomputed_never_trusted[handwritten]" time="6.245" /><testcase classname="tests.test_v31_validation_run" name="test_recorded_v3_evidence_is_recomputed_never_trusted[artifact]" time="6.232" /></testsuite></testsuites>